time="2020-03-22T15:32:27-07:00" level=info msg="it works"
7-07:00"}
-03-21T13:42:53-07:00" level=info msg="/hello route hit"
time="2020-03-21T13:42:55-07:00" level=info msg="/hello route hit"
time="2020-03-22T15:34:40-07:00" level=info msg="it works"
time="2020-03-22T15:34:49-07:00" level=info msg="/hello route hit"
time="2020-03-22T16:22:57-07:00" level=info msg="it works"
time="2020-03-22T16:53:40-07:00" level=info msg="/hello route hit"
time="2020-03-22T16:54:19-07:00" level=info msg="it works"
time="2020-03-22T16:56:52-07:00" level=info msg="it works"
time="2020-03-22T17:14:41-07:00" level=info msg="it works"
time="2020-03-25T16:39:18-07:00" level=info msg="it works"
time="2020-03-25T16:43:04-07:00" level=info msg="it works"
time="2020-03-25T17:15:59-07:00" level=info msg="it works"
time="2020-08-18T15:57:44-07:00" level=info msg="it works"
time="2020-08-18T19:22:52-07:00" level=info msg="it works"
time="2020-08-18T19:36:55-07:00" level=info msg="it works"
time="2020-08-19T12:28:07-07:00" level=info msg="it works"
time="2020-08-19T13:03:58-07:00" level=info msg="it works"
time="2020-08-19T13:06:24-07:00" level=info msg="it works"
time="2020-08-19T13:11:58-07:00" level=info msg="it works"
time="2020-08-19T13:15:14-07:00" level=info msg="it works"
time="2020-08-19T13:15:54-07:00" level=info msg="it works"
time="2020-08-19T13:18:07-07:00" level=info msg="it works"
time="2020-08-19T13:20:11-07:00" level=info msg="it works"
time="2020-08-19T13:21:24-07:00" level=info msg="it works"
time="2020-08-19T13:22:43-07:00" level=info msg="it works"
time="2020-08-19T13:24:40-07:00" level=info msg="it works"
time="2020-08-19T13:26:17-07:00" level=info msg="it works"
time="2020-08-19T13:31:04-07:00" level=info msg="it works"
time="2020-08-19T13:40:08-07:00" level=info msg="it works"
time="2020-08-19T13:40:50-07:00" level=info msg="it works"
time="2020-08-19T13:47:28-07:00" level=info msg="it works"
time="2020-08-19T15:33:13-07:00" level=info msg="it works"
time="2020-08-19T15:35:56-07:00" level=info msg="it works"
time="2020-08-19T15:54:59-07:00" level=info msg="it works"
time="2020-08-19T15:56:01-07:00" level=info msg="it works"
time="2020-08-19T15:56:56-07:00" level=info msg="it works"
time="2020-08-19T15:57:40-07:00" level=info msg="it works"
time="2020-08-19T16:38:35-07:00" level=info msg="it works"
time="2020-08-19T16:52:25-07:00" level=info msg="it works"
time="2020-08-19T17:02:16-07:00" level=info msg="it works"
time="2020-08-19T17:08:39-07:00" level=info msg="it works"
time="2020-08-20T11:31:39-07:00" level=info msg="it works"
time="2020-08-25T14:02:48-07:00" level=info msg="it works"
time="2020-08-25T14:05:10-07:00" level=info msg="it works"
time="2020-08-25T14:07:41-07:00" level=info msg="it works"
time="2020-08-25T14:14:26-07:00" level=info msg="it works"
time="2020-08-25T14:16:51-07:00" level=info msg="it works"
time="2020-08-25T14:18:24-07:00" level=info msg="it works"
time="2020-08-25T14:19:30-07:00" level=info msg="it works"
time="2020-08-25T14:21:35-07:00" level=info msg="it works"
time="2020-08-25T14:23:35-07:00" level=info msg="it works"
time="2020-08-25T14:25:53-07:00" level=info msg="it works"
time="2020-08-25T14:32:28-07:00" level=info msg="it works"
time="2020-08-25T14:33:05-07:00" level=info msg="it works"
time="2020-08-25T14:34:23-07:00" level=info msg="it works"
time="2020-08-25T14:43:38-07:00" level=info msg="it works"
time="2020-08-25T14:45:07-07:00" level=info msg="it works"
time="2020-08-25T14:46:01-07:00" level=info msg="it works"
time="2020-08-25T14:46:15-07:00" level=info msg="it works"
time="2020-08-25T14:47:37-07:00" level=info msg="it works"
time="2020-08-25T14:48:11-07:00" level=info msg="it works"
time="2020-08-25T14:48:44-07:00" level=info msg="it works"
time="2020-08-25T14:48:55-07:00" level=info msg="it works"
time="2020-08-25T14:49:32-07:00" level=info msg="it works"
time="2020-08-25T14:51:47-07:00" level=info msg="it works"
time="2020-08-25T14:52:59-07:00" level=info msg="it works"
time="2020-08-25T14:53:52-07:00" level=info msg="it works"
time="2020-08-25T14:58:42-07:00" level=info msg="it works"
time="2020-08-25T15:02:02-07:00" level=info msg="it works"
time="2020-08-25T15:10:17-07:00" level=info msg="it works"
time="2020-08-25T15:27:52-07:00" level=info msg="it works"
time="2020-08-26T15:29:29-07:00" level=info msg="it works"
time="2020-08-27T13:38:27-07:00" level=info msg="it works"
time="2020-08-28T22:10:39-07:00" level=info msg="it works"
time="2020-08-28T22:12:29-07:00" level=info msg="it works"
time="2020-08-30T07:01:06-07:00" level=info msg="it works"
time="2020-08-30T07:03:47-07:00" level=info msg="it works"
time="2020-08-30T08:50:00-07:00" level=info msg="it works"
time="2020-08-30T08:53:09-07:00" level=info msg="it works"
time="2020-08-30T08:55:33-07:00" level=info msg="it works"
time="2020-08-30T09:03:05-07:00" level=info msg="it works"
time="2020-08-30T09:04:35-07:00" level=info msg="it works"
time="2020-08-30T09:07:20-07:00" level=info msg="it works"
{"level":"info","msg":"it works","time":"2020-08-30T13:57:18-07:00"}
{"level":"info","msg":"it works","time":"2020-08-30T15:03:11-07:00"}
{"level":"info","msg":"it works","time":"2020-08-30T15:27:24-07:00"}
{"level":"info","msg":"it works","time":"2020-08-30T15:30:18-07:00"}
{"level":"info","msg":"it works","time":"2020-08-30T16:19:01-07:00"}
{"level":"info","msg":"it works","time":"2020-08-30T16:22:07-07:00"}
{"level":"info","msg":"it works","time":"2020-08-30T16:44:19-07:00"}
{"level":"info","msg":"it works","time":"2020-08-30T17:07:10-07:00"}
{"level":"info","msg":"it works","time":"2020-08-30T17:10:30-07:00"}
{"level":"info","msg":"it works","time":"2020-08-30T17:13:17-07:00"}
{"level":"info","msg":"it works","time":"2020-08-30T17:15:09-07:00"}
{"level":"info","msg":"it works","time":"2020-08-30T17:16:25-07:00"}
{"level":"info","msg":"it works","time":"2020-08-30T17:20:17-07:00"}
{"level":"info","msg":"it works","time":"2020-08-30T17:25:29-07:00"}
{"level":"info","msg":"it works","time":"2020-08-30T18:59:38-07:00"}
{"level":"info","msg":"it works","time":"2020-08-30T19:01:01-07:00"}
{"level":"info","msg":"it works","time":"2020-08-30T19:01:48-07:00"}
{"level":"info","msg":"it works","time":"2020-08-30T19:02:51-07:00"}
{"level":"info","msg":"it works","time":"2020-08-30T19:06:37-07:00"}
{"level":"info","msg":"it works","time":"2020-08-30T19:23:45-07:00"}
{"level":"info","msg":"it works","time":"2020-08-30T19:28:33-07:00"}
{"level":"info","msg":"it works","time":"2020-08-30T19:29:30-07:00"}
{"level":"info","msg":"it works","time":"2020-08-30T19:31:16-07:00"}
{"level":"info","msg":"it works","time":"2020-08-30T19:32:46-07:00"}
{"level":"info","msg":"it works","time":"2020-08-30T19:44:31-07:00"}
{"level":"info","msg":"it works","time":"2020-08-30T19:46:04-07:00"}
{"level":"info","msg":"it works","time":"2020-08-30T19:47:59-07:00"}
{"level":"info","msg":"it works","time":"2020-08-30T19:49:51-07:00"}
{"level":"info","msg":"it works","time":"2020-08-30T19:51:45-07:00"}
{"level":"info","msg":"it works","time":"2020-08-30T22:02:41-07:00"}
{"level":"info","msg":"it works","time":"2020-08-30T22:08:25-07:00"}
{"level":"info","msg":"it works","time":"2020-08-30T22:14:34-07:00"}
{"level":"info","msg":"it works","time":"2020-08-30T22:16:20-07:00"}
{"level":"info","msg":"it works","time":"2020-08-30T22:22:39-07:00"}
{"level":"info","msg":"it works","time":"2020-08-31T21:38:14-07:00"}
{"level":"info","msg":"it works","time":"2020-08-31T21:52:14-07:00"}
{"level":"info","msg":"it works","time":"2020-08-31T21:54:43-07:00"}
{"level":"info","msg":"it works","time":"2020-08-31T21:55:39-07:00"}
{"level":"info","msg":"it works","time":"2020-09-02T12:12:32-07:00"}
{"level":"info","msg":"it works","time":"2020-09-02T12:15:21-07:00"}
{"level":"info","msg":"it works","time":"2020-09-02T12:36:37-07:00"}
{"level":"info","msg":"it works","time":"2020-09-02T12:42:19-07:00"}
{"level":"info","msg":"it works","time":"2020-09-02T12:44:08-07:00"}
{"level":"info","msg":"it works","time":"2020-09-02T12:44:49-07:00"}
{"level":"info","msg":"it works","time":"2020-09-02T12:50:27-07:00"}
{"level":"info","msg":"it works","time":"2020-09-02T12:54:02-07:00"}
{"level":"info","msg":"it works","time":"2020-09-02T12:57:35-07:00"}
{"level":"info","msg":"it works","time":"2020-09-02T13:00:08-07:00"}
{"level":"info","msg":"it works","time":"2020-09-02T13:01:48-07:00"}
{"level":"info","msg":"it works","time":"2020-09-02T13:06:18-07:00"}
{"level":"info","msg":"it works","time":"2020-09-02T13:08:16-07:00"}
{"level":"info","msg":"it works","time":"2020-09-02T13:12:37-07:00"}
{"level":"info","msg":"it works","time":"2020-09-02T13:20:30-07:00"}
{"level":"info","msg":"it works","time":"2020-09-02T13:22:44-07:00"}
{"level":"info","msg":"it works","time":"2020-09-02T13:23:43-07:00"}
{"level":"info","msg":"it works","time":"2020-09-02T15:00:59-07:00"}
{"level":"info","msg":"it works","time":"2020-09-02T15:04:31-07:00"}
{"level":"info","msg":"Logger Setup","time":"2020-09-02T15:39:56-07:00"}
{"level":"info","msg":"Logger Setup","time":"2020-09-04T05:55:45-07:00"}
{"level":"info","msg":"Logger Setup","time":"2020-09-04T06:01:25-07:00"}
{"level":"info","msg":"Logger Setup new","time":"2020-09-07T11:23:20-07:00"}
{"level":"info","msg":"logger in api is working","time":"2020-09-07T11:23:20-07:00"}
{"level":"info","msg":"Logger Setup new","time":"2020-09-07T14:37:46-07:00"}
{"level":"info","msg":"logger in api is working","time":"2020-09-07T14:37:46-07:00"}
{"level":"info","msg":"Logger Setup new","time":"2020-09-07T14:47:46-07:00"}
{"level":"info","msg":"logger in api is working","time":"2020-09-07T14:47:46-07:00"}
{"level":"info","msg":"Logger Setup new","time":"2020-09-07T14:48:44-07:00"}
{"level":"info","msg":"logger in api is working","time":"2020-09-07T14:48:44-07:00"}
{"level":"info","msg":"Logger Setup new","time":"2020-09-07T14:49:48-07:00"}
{"level":"info","msg":"logger in api is working","time":"2020-09-07T14:49:48-07:00"}
{"level":"info","msg":"Logger Setup new","time":"2020-09-07T14:58:20-07:00"}
{"level":"info","msg":"logger in api is working","time":"2020-09-07T14:58:20-07:00"}
{"level":"info","msg":"Logger Setup new","time":"2020-09-07T14:58:27-07:00"}
{"level":"info","msg":"logger in api is working","time":"2020-09-07T14:58:27-07:00"}
{"level":"info","msg":"Logger Setup new","time":"2020-09-07T15:03:56-07:00"}
{"level":"info","msg":"logger in api is working","time":"2020-09-07T15:03:56-07:00"}
{"level":"info","msg":"Logger Setup new","time":"2020-09-07T15:05:40-07:00"}
{"level":"info","msg":"logger in api is working","time":"2020-09-07T15:05:40-07:00"}
{"level":"info","msg":"Logger Setup new","time":"2020-09-07T15:06:38-07:00"}
{"level":"info","msg":"logger in api is working","time":"2020-09-07T15:06:38-07:00"}
{"level":"info","msg":"Logger Setup new","time":"2020-09-07T15:27:59-07:00"}
{"level":"info","msg":"logger in api is working","time":"2020-09-07T15:27:59-07:00"}
{"level":"info","msg":"Logger Setup new","time":"2020-09-07T15:29:45-07:00"}
{"level":"info","msg":"logger in api is working","time":"2020-09-07T15:29:45-07:00"}
{"level":"info","msg":"Logger Setup new","time":"2020-09-07T15:47:03-07:00"}
{"level":"info","msg":"logger in api is working","time":"2020-09-07T15:47:03-07:00"}
{"level":"info","msg":"Logger Setup new","time":"2020-09-07T15:47:25-07:00"}
{"level":"info","msg":"logger in api is working","time":"2020-09-07T15:47:25-07:00"}
{"level":"info","msg":"Logger Setup new","time":"2020-09-07T19:19:12-07:00"}
{"level":"info","msg":"logger in api is working","time":"2020-09-07T19:19:12-07:00"}
{"level":"info","msg":"User valid login Alfred5","time":"2020-09-07T19:19:43-07:00"}
{"level":"info","msg":"User valid login Alfred5","time":"2020-09-07T19:20:06-07:00"}
{"level":"info","msg":"Logger Setup new","time":"2020-09-08T14:49:18-07:00"}
{"level":"info","msg":"logger in api is working","time":"2020-09-08T14:49:18-07:00"}
{"level":"info","msg":"Logger Setup new","time":"2020-09-08T14:49:34-07:00"}
{"level":"info","msg":"logger in api is working","time":"2020-09-08T14:49:34-07:00"}
{"level":"info","msg":"Logger Setup new","time":"2020-09-08T14:54:26-07:00"}
{"level":"info","msg":"logger in api is working","time":"2020-09-08T14:54:26-07:00"}
{"level":"info","msg":"Logger Setup new","time":"2020-09-08T14:54:47-07:00"}
{"level":"info","msg":"logger in api is working","time":"2020-09-08T14:54:47-07:00"}
{"level":"info","msg":"Logger Setup new","time":"2020-09-08T14:54:55-07:00"}
{"level":"info","msg":"logger in api is working","time":"2020-09-08T14:54:55-07:00"}
{"level":"info","msg":"Logger Setup new","time":"2020-09-08T14:58:04-07:00"}
{"level":"info","msg":"logger in api is working","time":"2020-09-08T14:58:04-07:00"}
{"level":"info","msg":"Logger Setup new","time":"2020-09-08T15:03:00-07:00"}
{"level":"info","msg":"logger in api is working","time":"2020-09-08T15:03:00-07:00"}
{"level":"info","msg":"Logger Setup new","time":"2020-09-08T15:14:27-07:00"}
{"level":"info","msg":"logger in api is working","time":"2020-09-08T15:14:27-07:00"}
{"level":"info","msg":"Logger Setup new","time":"2020-09-08T15:16:46-07:00"}
{"level":"info","msg":"logger in api is working","time":"2020-09-08T15:16:46-07:00"}
{"level":"info","msg":"Logger Setup new","time":"2020-09-08T15:20:52-07:00"}
{"level":"info","msg":"logger in api is working","time":"2020-09-08T15:20:52-07:00"}
{"level":"info","msg":"Logger Setup new","time":"2020-09-08T15:21:16-07:00"}
{"level":"info","msg":"logger in api is working","time":"2020-09-08T15:21:16-07:00"}
{"level":"info","msg":"Logger Setup new","time":"2020-09-08T15:23:10-07:00"}
{"level":"info","msg":"logger in api is working","time":"2020-09-08T15:23:10-07:00"}
{"level":"info","msg":"Logger Setup new","time":"2020-09-08T16:10:10-07:00"}
{"level":"info","msg":"logger in api is working","time":"2020-09-08T16:10:10-07:00"}
{"level":"info","msg":"Logger Setup new","time":"2020-09-08T16:36:01-07:00"}
{"level":"info","msg":"logger in api is working","time":"2020-09-08T16:36:01-07:00"}
{"level":"info","msg":"Logger Setup new","time":"2020-09-08T16:51:40-07:00"}
{"level":"info","msg":"logger in api is working","time":"2020-09-08T16:51:40-07:00"}
{"level":"info","msg":"Logger Setup new","time":"2020-09-08T18:04:41-07:00"}
{"level":"info","msg":"logger in api is working","time":"2020-09-08T18:04:41-07:00"}
{"level":"info","msg":"Logger Setup new","time":"2020-09-08T18:23:35-07:00"}
{"level":"info","msg":"logger in api is working","time":"2020-09-08T18:23:35-07:00"}
{"level":"info","msg":"Logger Setup new","time":"2020-09-08T18:24:36-07:00"}
{"level":"info","msg":"logger in api is working","time":"2020-09-08T18:24:36-07:00"}
{"level":"info","msg":"Logger Setup new","time":"2020-09-08T18:25:07-07:00"}
{"level":"info","msg":"logger in api is working","time":"2020-09-08T18:25:07-07:00"}
{"level":"info","msg":"Logger Setup new","time":"2020-09-08T18:36:36-07:00"}
{"level":"info","msg":"logger in api is working","time":"2020-09-08T18:36:36-07:00"}
{"level":"info","msg":"Logger Setup new","time":"2020-09-08T20:29:56-07:00"}
{"level":"info","msg":"logger in api is working","time":"2020-09-08T20:29:56-07:00"}
{"level":"info","msg":"Logger Setup new","time":"2020-09-08T20:30:48-07:00"}
{"level":"info","msg":"logger in api is working","time":"2020-09-08T20:30:48-07:00"}
{"level":"info","msg":"Logger Setup new","time":"2020-09-08T20:32:06-07:00"}
{"level":"info","msg":"logger in api is working","time":"2020-09-08T20:32:06-07:00"}
{"level":"info","msg":"Logger Setup new","time":"2020-09-08T20:33:47-07:00"}
{"level":"info","msg":"logger in api is working","time":"2020-09-08T20:33:47-07:00"}
{"level":"info","msg":"Logger Setup new","time":"2020-09-08T20:34:26-07:00"}
{"level":"info","msg":"logger in api is working","time":"2020-09-08T20:34:26-07:00"}
{"level":"info","msg":"Logger Setup new","time":"2020-09-08T20:51:30-07:00"}
{"level":"info","msg":"logger in api is working","time":"2020-09-08T20:51:30-07:00"}
{"level":"info","msg":"Logger Setup new","time":"2020-09-08T20:52:14-07:00"}
{"level":"info","msg":"logger in api is working","time":"2020-09-08T20:52:14-07:00"}
{"level":"info","msg":"Logger Setup new","time":"2020-09-08T20:55:21-07:00"}
{"level":"info","msg":"logger in api is working","time":"2020-09-08T20:55:21-07:00"}
{"level":"info","msg":"Logger Setup new","time":"2020-09-08T21:34:33-07:00"}
{"level":"info","msg":"logger in api is working","time":"2020-09-08T21:34:33-07:00"}
{"level":"info","msg":"Logger Setup new","time":"2020-09-08T21:36:01-07:00"}
{"level":"info","msg":"logger in api is working","time":"2020-09-08T21:36:01-07:00"}
{"level":"info","msg":"Logger Setup new","time":"2020-09-08T21:36:32-07:00"}
{"level":"info","msg":"logger in api is working","time":"2020-09-08T21:36:32-07:00"}
{"level":"info","msg":"Logger Setup new","time":"2020-09-08T22:08:22-07:00"}
{"level":"info","msg":"logger in api is working","time":"2020-09-08T22:08:22-07:00"}
{"level":"info","msg":"Logger Setup new","time":"2020-09-09T09:33:53-07:00"}
{"level":"info","msg":"logger in api is working","time":"2020-09-09T09:33:53-07:00"}
{"level":"info","msg":"Logger Setup new","time":"2020-09-09T09:38:38-07:00"}
{"level":"info","msg":"logger in api is working","time":"2020-09-09T09:38:38-07:00"}
{"level":"info","msg":"Logger Setup new","time":"2020-09-09T09:40:09-07:00"}
{"level":"info","msg":"logger in api is working","time":"2020-09-09T09:40:09-07:00"}
{"level":"info","msg":"Logger Setup new","time":"2020-09-09T09:52:18-07:00"}
{"level":"info","msg":"logger in api is working","time":"2020-09-09T09:52:18-07:00"}
{"level":"info","msg":"Logger Setup new","time":"2020-09-09T09:53:50-07:00"}
{"level":"info","msg":"logger in api is working","time":"2020-09-09T09:53:50-07:00"}
{"level":"info","msg":"Logger Setup new","time":"2020-09-09T09:54:23-07:00"}
{"level":"info","msg":"logger in api is working","time":"2020-09-09T09:54:23-07:00"}
{"level":"info","msg":"Logger Setup new","time":"2020-09-09T09:55:37-07:00"}
{"level":"info","msg":"logger in api is working","time":"2020-09-09T09:55:37-07:00"}
{"level":"info","msg":"Logger Setup new","time":"2020-09-09T09:56:42-07:00"}
{"level":"info","msg":"logger in api is working","time":"2020-09-09T09:56:42-07:00"}
{"level":"info","msg":"Logger Setup new","time":"2020-09-09T09:57:02-07:00"}
{"level":"info","msg":"logger in api is working","time":"2020-09-09T09:57:02-07:00"}
{"level":"info","msg":"Logger Setup new","time":"2020-09-09T09:57:24-07:00"}
{"level":"info","msg":"logger in api is working","time":"2020-09-09T09:57:24-07:00"}
{"level":"info","msg":"Logger Setup new","time":"2020-09-09T09:57:31-07:00"}
{"level":"info","msg":"logger in api is working","time":"2020-09-09T09:57:31-07:00"}
{"level":"info","msg":"Logger Setup new","time":"2020-09-09T09:57:33-07:00"}
{"level":"info","msg":"logger in api is working","time":"2020-09-09T09:57:33-07:00"}
{"level":"info","msg":"Logger Setup new","time":"2020-09-09T09:57:42-07:00"}
{"level":"info","msg":"logger in api is working","time":"2020-09-09T09:57:42-07:00"}
{"level":"info","msg":"Logger Setup new","time":"2020-09-09T09:58:33-07:00"}
{"level":"info","msg":"logger in api is working","time":"2020-09-09T09:58:33-07:00"}
{"level":"info","msg":"Logger Setup new","time":"2020-09-09T09:59:46-07:00"}
{"level":"info","msg":"logger in api is working","time":"2020-09-09T09:59:46-07:00"}
{"level":"info","msg":"Logger Setup new","time":"2020-09-09T10:02:41-07:00"}
{"level":"info","msg":"logger in api is working","time":"2020-09-09T10:02:41-07:00"}
{"level":"info","msg":"Logger Setup new","time":"2020-09-09T10:04:31-07:00"}
{"level":"info","msg":"logger in api is working","time":"2020-09-09T10:04:31-07:00"}
{"level":"info","msg":"Logger Setup new","time":"2020-09-09T10:05:50-07:00"}
{"level":"info","msg":"logger in api is working","time":"2020-09-09T10:05:50-07:00"}
{"level":"info","msg":"Logger Setup new","time":"2020-09-09T10:06:13-07:00"}
{"level":"info","msg":"logger in api is working","time":"2020-09-09T10:06:13-07:00"}
{"level":"info","msg":"Logger Setup new","time":"2020-09-09T10:08:02-07:00"}
{"level":"info","msg":"logger in api is working","time":"2020-09-09T10:08:02-07:00"}
{"level":"info","msg":"Logger Setup new","time":"2020-09-09T10:08:14-07:00"}
{"level":"info","msg":"logger in api is working","time":"2020-09-09T10:08:14-07:00"}
{"level":"info","msg":"Logger Setup new","time":"2020-09-09T10:08:22-07:00"}
{"level":"info","msg":"logger in api is working","time":"2020-09-09T10:08:22-07:00"}
{"level":"info","msg":"Logger Setup new","time":"2020-09-09T10:45:43-07:00"}
{"level":"info","msg":"logger in api is working","time":"2020-09-09T10:45:43-07:00"}
{"level":"info","msg":"Logger Setup new","time":"2020-09-09T11:00:05-07:00"}
{"level":"info","msg":"logger in api is working","time":"2020-09-09T11:00:05-07:00"}
{"level":"info","msg":"Logger Setup new","time":"2020-09-09T11:01:14-07:00"}
{"level":"info","msg":"logger in api is working","time":"2020-09-09T11:01:14-07:00"}
{"level":"info","msg":"Logger Setup new","time":"2020-09-09T11:02:28-07:00"}
{"level":"info","msg":"logger in api is working","time":"2020-09-09T11:02:28-07:00"}
{"level":"info","msg":"Logger Setup new","time":"2020-09-09T11:03:21-07:00"}
{"level":"info","msg":"logger in api is working","time":"2020-09-09T11:03:21-07:00"}
{"level":"info","msg":"Logger Setup new","time":"2020-09-09T11:04:28-07:00"}
{"level":"info","msg":"logger in api is working","time":"2020-09-09T11:04:28-07:00"}
{"level":"info","msg":"Logger Setup new","time":"2020-09-09T11:18:33-07:00"}
{"level":"info","msg":"logger in api is working","time":"2020-09-09T11:18:33-07:00"}
{"level":"info","msg":"Logger Setup new","time":"2020-09-09T11:24:11-07:00"}
{"level":"info","msg":"logger in api is working","time":"2020-09-09T11:24:11-07:00"}
{"level":"info","msg":"Logger Setup new","time":"2020-09-09T12:23:47-07:00"}
{"level":"info","msg":"logger in api is working","time":"2020-09-09T12:23:47-07:00"}
{"level":"info","msg":"User valid login Alfred5","time":"2020-09-09T12:26:56-07:00"}
{"level":"info","msg":"User valid login Alfred5","time":"2020-09-09T12:27:01-07:00"}
{"level":"info","msg":"User valid login Alfred5","time":"2020-09-09T12:27:03-07:00"}
{"level":"info","msg":"Logger Setup new","time":"2020-09-09T13:03:22-07:00"}
{"level":"info","msg":"logger in api is working","time":"2020-09-09T13:03:22-07:00"}
{"level":"info","msg":"Logger Setup new","time":"2020-09-09T14:06:30-07:00"}
{"level":"info","msg":"logger in api is working","time":"2020-09-09T14:06:30-07:00"}
{"level":"info","msg":"Logger Setup new","time":"2020-09-09T14:12:06-07:00"}
{"level":"info","msg":"logger in api is working","time":"2020-09-09T14:12:06-07:00"}
{"level":"info","msg":"Logger Setup new","time":"2020-09-09T14:14:57-07:00"}
{"level":"info","msg":"logger in api is working","time":"2020-09-09T14:14:57-07:00"}
{"level":"info","msg":"Logger Setup new","time":"2020-09-09T14:46:29-07:00"}
{"level":"info","msg":"logger in api is working","time":"2020-09-09T14:46:29-07:00"}
{"level":"info","msg":"Logger Setup new","time":"2020-09-09T15:04:23-07:00"}
{"level":"info","msg":"logger in api is working","time":"2020-09-09T15:04:23-07:00"}
